<?xml version="1.0" encoding="UTF-8"?>
<coverage generated="1582030909361" clover="3.2.0">
  <project timestamp="1582030909362" name="All files">
    <metrics statements="30" coveredstatements="25" conditionals="4" coveredconditionals="2" methods="5" coveredmethods="5" elements="39" coveredelements="32" complexity="0" loc="30" ncloc="30" packages="1" files="1" classes="1"/>
    <file name="index.ts" path="/Users/sunxin/Github/stacktrack/src/index.ts">
      <metrics statements="30" coveredstatements="25" conditionals="4" coveredconditionals="2" methods="5" coveredmethods="5"/>
      <line num="3" count="1" type="stmt"/>
      <line num="4" count="1" type="stmt"/>
      <line num="5" count="1" type="stmt"/>
      <line num="6" count="1" type="stmt"/>
      <line num="7" count="1" type="stmt"/>
      <line num="11" count="1" type="stmt"/>
      <line num="12" count="1" type="stmt"/>
      <line num="21" count="2" type="stmt"/>
      <line num="22" count="2" type="stmt"/>
      <line num="23" count="2" type="stmt"/>
      <line num="24" count="2" type="stmt"/>
      <line num="33" count="1" type="stmt"/>
      <line num="34" count="1" type="stmt"/>
      <line num="42" count="1" type="stmt"/>
      <line num="43" count="1" type="stmt"/>
      <line num="44" count="2" type="stmt"/>
      <line num="46" count="1" type="stmt"/>
      <line num="54" count="2" type="stmt"/>
      <line num="55" count="2" type="stmt"/>
      <line num="56" count="2" type="stmt"/>
      <line num="58" count="2" type="stmt"/>
      <line num="59" count="2" type="cond" truecount="1" falsecount="1"/>
      <line num="60" count="2" type="stmt"/>
      <line num="61" count="2" type="cond" truecount="1" falsecount="1"/>
      <line num="62" count="2" type="stmt"/>
      <line num="64" count="0" type="stmt"/>
      <line num="65" count="0" type="stmt"/>
      <line num="66" count="0" type="stmt"/>
      <line num="68" count="0" type="stmt"/>
      <line num="69" count="0" type="stmt"/>
    </file>
  </project>
</coverage>
