{"/Users/sunxin/Github/stacktrack/src/index.ts": {"path":"/Users/sunxin/Github/stacktrack/src/index.ts","statementMap":{"0":{"start":{"line":3,"column":0},"end":{"line":3,"column":54}},"1":{"start":{"line":4,"column":0},"end":{"line":4,"column":46}},"2":{"start":{"line":5,"column":0},"end":{"line":5,"column":28}},"3":{"start":{"line":6,"column":0},"end":{"line":6,"column":24}},"4":{"start":{"line":11,"column":8},"end":{"line":11,"column":null}},"5":{"start":{"line":12,"column":8},"end":{"line":12,"column":null}},"6":{"start":{"line":21,"column":22},"end":{"line":21,"column":40}},"7":{"start":{"line":22,"column":8},"end":{"line":22,"column":null}},"8":{"start":{"line":23,"column":27},"end":{"line":23,"column":56}},"9":{"start":{"line":24,"column":8},"end":{"line":24,"column":null}},"10":{"start":{"line":33,"column":22},"end":{"line":33,"column":65}},"11":{"start":{"line":34,"column":8},"end":{"line":34,"column":null}},"12":{"start":{"line":42,"column":23},"end":{"line":42,"column":25}},"13":{"start":{"line":43,"column":8},"end":{"line":45,"column":null}},"14":{"start":{"line":44,"column":12},"end":{"line":44,"column":null}},"15":{"start":{"line":46,"column":8},"end":{"line":46,"column":null}},"16":{"start":{"line":54,"column":45},"end":{"line":54,"column":55}},"17":{"start":{"line":55,"column":27},"end":{"line":55,"column":37}},"18":{"start":{"line":56,"column":8},"end":{"line":56,"column":null}},"19":{"start":{"line":58,"column":23},"end":{"line":58,"column":47}},"20":{"start":{"line":59,"column":8},"end":{"line":67,"column":null}},"21":{"start":{"line":60,"column":34},"end":{"line":60,"column":75}},"22":{"start":{"line":61,"column":12},"end":{"line":63,"column":null}},"23":{"start":{"line":62,"column":16},"end":{"line":62,"column":null}},"24":{"start":{"line":64,"column":28},"end":{"line":64,"column":67}},"25":{"start":{"line":65,"column":12},"end":{"line":65,"column":null}},"26":{"start":{"line":66,"column":12},"end":{"line":66,"column":null}},"27":{"start":{"line":68,"column":26},"end":{"line":68,"column":98}},"28":{"start":{"line":69,"column":8},"end":{"line":69,"column":null}},"29":{"start":{"line":7,"column":0},"end":{"line":7,"column":21}}},"fnMap":{"0":{"name":"(anonymous_0)","decl":{"start":{"line":10,"column":4},"end":{"line":10,"column":16}},"loc":{"start":{"line":10,"column":28},"end":{"line":13,"column":5}}},"1":{"name":"(anonymous_1)","decl":{"start":{"line":20,"column":4},"end":{"line":20,"column":10}},"loc":{"start":{"line":20,"column":58},"end":{"line":25,"column":5}}},"2":{"name":"(anonymous_2)","decl":{"start":{"line":32,"column":4},"end":{"line":32,"column":25}},"loc":{"start":{"line":32,"column":57},"end":{"line":35,"column":5}}},"3":{"name":"(anonymous_3)","decl":{"start":{"line":41,"column":4},"end":{"line":41,"column":9}},"loc":{"start":{"line":41,"column":52},"end":{"line":47,"column":5}}},"4":{"name":"(anonymous_4)","decl":{"start":{"line":53,"column":4},"end":{"line":53,"column":9}},"loc":{"start":{"line":53,"column":40},"end":{"line":70,"column":5}}}},"branchMap":{"0":{"loc":{"start":{"line":59,"column":8},"end":{"line":67,"column":null}},"type":"if","locations":[{"start":{"line":59,"column":8},"end":{"line":67,"column":null}},{"start":{"line":59,"column":8},"end":{"line":67,"column":null}}]},"1":{"loc":{"start":{"line":61,"column":12},"end":{"line":63,"column":null}},"type":"if","locations":[{"start":{"line":61,"column":12},"end":{"line":63,"column":null}},{"start":{"line":61,"column":12},"end":{"line":63,"column":null}}]}},"s":{"0":1,"1":1,"2":1,"3":1,"4":1,"5":1,"6":2,"7":2,"8":2,"9":2,"10":1,"11":1,"12":1,"13":1,"14":2,"15":1,"16":2,"17":2,"18":2,"19":2,"20":2,"21":2,"22":2,"23":2,"24":0,"25":0,"26":0,"27":0,"28":0,"29":1},"f":{"0":1,"1":2,"2":1,"3":1,"4":2},"b":{"0":[2,0],"1":[2,0]}}
}
