TN:
SF:src/index.ts
FN:10,(anonymous_0)
FN:20,(anonymous_1)
FN:32,(anonymous_2)
FN:41,(anonymous_3)
FN:53,(anonymous_4)
FNF:5
FNH:5
FNDA:1,(anonymous_0)
FNDA:2,(anonymous_1)
FNDA:1,(anonymous_2)
FNDA:1,(anonymous_3)
FNDA:2,(anonymous_4)
DA:3,1
DA:4,1
DA:5,1
DA:6,1
DA:7,1
DA:11,1
DA:12,1
DA:21,2
DA:22,2
DA:23,2
DA:24,2
DA:33,1
DA:34,1
DA:42,1
DA:43,1
DA:44,2
DA:46,1
DA:54,2
DA:55,2
DA:56,2
DA:58,2
DA:59,2
DA:60,2
DA:61,2
DA:62,2
DA:64,0
DA:65,0
DA:66,0
DA:68,0
DA:69,0
LF:30
LH:25
BRDA:59,0,0,2
BRDA:59,0,1,0
BRDA:61,1,0,2
BRDA:61,1,1,0
BRF:4
BRH:2
end_of_record
